<?xml version="1.0" encoding="UTF-8"?>
<testsuite xmlns:xsi="http://www.w3.org/2001/XMLSchema-instance" xsi:noNamespaceSchemaLocation="https://maven.apache.org/surefire/maven-surefire-plugin/xsd/surefire-test-report.xsd" name="com.imooc.pan.cache.redis.test.RedisCacheTest" time="3.172" tests="2" errors="0" skipped="0" failures="0">
  <properties>
    <property name="java.specification.version" value="17"/>
    <property name="sun.cpu.isalist" value="amd64"/>
    <property name="sun.jnu.encoding" value="GBK"/>
    <property name="java.class.path" value="D:\Code\Java\r_pan\framework\cache\cache-redis\target\test-classes;D:\Code\Java\r_pan\framework\cache\cache-redis\target\classes;D:\Code\Java\r_pan\framework\cache\cache-core\target\classes;D:\Code\Java\r_pan\framework\core\target\classes;C:\maven\apache-maven-3.6.3\mvn_rope\com\fasterxml\jackson\core\jackson-annotations\2.9.8\jackson-annotations-2.9.8.jar;C:\maven\apache-maven-3.6.3\mvn_rope\com\google\guava\guava\20.0\guava-20.0.jar;C:\maven\apache-maven-3.6.3\mvn_rope\org\apache\commons\commons-lang3\3.5\commons-lang3-3.5.jar;C:\maven\apache-maven-3.6.3\mvn_rope\commons-collections\commons-collections\3.2.1\commons-collections-3.2.1.jar;C:\maven\apache-maven-3.6.3\mvn_rope\commons-io\commons-io\2.4\commons-io-2.4.jar;C:\maven\apache-maven-3.6.3\mvn_rope\com\alibaba\fastjson\1.2.56\fastjson-1.2.56.jar;C:\maven\apache-maven-3.6.3\mvn_rope\io\jsonwebtoken\jjwt\0.7.0\jjwt-0.7.0.jar;C:\maven\apache-maven-3.6.3\mvn_rope\com\fasterxml\jackson\core\jackson-databind\2.9.8\jackson-databind-2.9.8.jar;C:\maven\apache-maven-3.6.3\mvn_rope\com\fasterxml\jackson\core\jackson-core\2.9.8\jackson-core-2.9.8.jar;C:\maven\apache-maven-3.6.3\mvn_rope\cn\hutool\hutool-core\4.5.18\hutool-core-4.5.18.jar;C:\maven\apache-maven-3.6.3\mvn_rope\org\springframework\boot\spring-boot-starter-test\2.2.5.RELEASE\spring-boot-starter-test-2.2.5.RELEASE.jar;C:\maven\apache-maven-3.6.3\mvn_rope\org\springframework\boot\spring-boot-test\2.2.5.RELEASE\spring-boot-test-2.2.5.RELEASE.jar;C:\maven\apache-maven-3.6.3\mvn_rope\org\springframework\boot\spring-boot-test-autoconfigure\2.2.5.RELEASE\spring-boot-test-autoconfigure-2.2.5.RELEASE.jar;C:\maven\apache-maven-3.6.3\mvn_rope\com\jayway\jsonpath\json-path\2.4.0\json-path-2.4.0.jar;C:\maven\apache-maven-3.6.3\mvn_rope\net\minidev\json-smart\2.3\json-smart-2.3.jar;C:\maven\apache-maven-3.6.3\mvn_rope\net\minidev\accessors-smart\1.2\accessors-smart-1.2.jar;C:\maven\apache-maven-3.6.3\mvn_rope\org\ow2\asm\asm\5.0.4\asm-5.0.4.jar;C:\maven\apache-maven-3.6.3\mvn_rope\jakarta\xml\bind\jakarta.xml.bind-api\2.3.2\jakarta.xml.bind-api-2.3.2.jar;C:\maven\apache-maven-3.6.3\mvn_rope\jakarta\activation\jakarta.activation-api\1.2.2\jakarta.activation-api-1.2.2.jar;C:\maven\apache-maven-3.6.3\mvn_rope\org\junit\jupiter\junit-jupiter\5.5.2\junit-jupiter-5.5.2.jar;C:\maven\apache-maven-3.6.3\mvn_rope\org\junit\jupiter\junit-jupiter-api\5.5.2\junit-jupiter-api-5.5.2.jar;C:\maven\apache-maven-3.6.3\mvn_rope\org\opentest4j\opentest4j\1.2.0\opentest4j-1.2.0.jar;C:\maven\apache-maven-3.6.3\mvn_rope\org\junit\platform\junit-platform-commons\1.5.2\junit-platform-commons-1.5.2.jar;C:\maven\apache-maven-3.6.3\mvn_rope\org\junit\jupiter\junit-jupiter-params\5.5.2\junit-jupiter-params-5.5.2.jar;C:\maven\apache-maven-3.6.3\mvn_rope\org\junit\jupiter\junit-jupiter-engine\5.5.2\junit-jupiter-engine-5.5.2.jar;C:\maven\apache-maven-3.6.3\mvn_rope\org\junit\vintage\junit-vintage-engine\5.5.2\junit-vintage-engine-5.5.2.jar;C:\maven\apache-maven-3.6.3\mvn_rope\org\apiguardian\apiguardian-api\1.1.0\apiguardian-api-1.1.0.jar;C:\maven\apache-maven-3.6.3\mvn_rope\org\junit\platform\junit-platform-engine\1.5.2\junit-platform-engine-1.5.2.jar;C:\maven\apache-maven-3.6.3\mvn_rope\junit\junit\4.12\junit-4.12.jar;C:\maven\apache-maven-3.6.3\mvn_rope\org\mockito\mockito-junit-jupiter\3.1.0\mockito-junit-jupiter-3.1.0.jar;C:\maven\apache-maven-3.6.3\mvn_rope\org\assertj\assertj-core\3.13.2\assertj-core-3.13.2.jar;C:\maven\apache-maven-3.6.3\mvn_rope\org\hamcrest\hamcrest\2.1\hamcrest-2.1.jar;C:\maven\apache-maven-3.6.3\mvn_rope\org\mockito\mockito-core\3.1.0\mockito-core-3.1.0.jar;C:\maven\apache-maven-3.6.3\mvn_rope\net\bytebuddy\byte-buddy\1.10.8\byte-buddy-1.10.8.jar;C:\maven\apache-maven-3.6.3\mvn_rope\net\bytebuddy\byte-buddy-agent\1.10.8\byte-buddy-agent-1.10.8.jar;C:\maven\apache-maven-3.6.3\mvn_rope\org\objenesis\objenesis\2.6\objenesis-2.6.jar;C:\maven\apache-maven-3.6.3\mvn_rope\org\skyscreamer\jsonassert\1.5.0\jsonassert-1.5.0.jar;C:\maven\apache-maven-3.6.3\mvn_rope\com\vaadin\external\google\android-json\0.0.20131108.vaadin1\android-json-0.0.20131108.vaadin1.jar;C:\maven\apache-maven-3.6.3\mvn_rope\org\springframework\spring-test\5.2.4.RELEASE\spring-test-5.2.4.RELEASE.jar;C:\maven\apache-maven-3.6.3\mvn_rope\org\xmlunit\xmlunit-core\2.6.3\xmlunit-core-2.6.3.jar;C:\maven\apache-maven-3.6.3\mvn_rope\org\projectlombok\lombok\1.18.20\lombok-1.18.20.jar;C:\maven\apache-maven-3.6.3\mvn_rope\org\springframework\boot\spring-boot-starter-actuator\2.2.5.RELEASE\spring-boot-starter-actuator-2.2.5.RELEASE.jar;C:\maven\apache-maven-3.6.3\mvn_rope\org\springframework\boot\spring-boot-actuator-autoconfigure\2.2.5.RELEASE\spring-boot-actuator-autoconfigure-2.2.5.RELEASE.jar;C:\maven\apache-maven-3.6.3\mvn_rope\org\springframework\boot\spring-boot-actuator\2.2.5.RELEASE\spring-boot-actuator-2.2.5.RELEASE.jar;C:\maven\apache-maven-3.6.3\mvn_rope\com\fasterxml\jackson\datatype\jackson-datatype-jsr310\2.9.8\jackson-datatype-jsr310-2.9.8.jar;C:\maven\apache-maven-3.6.3\mvn_rope\io\micrometer\micrometer-core\1.3.5\micrometer-core-1.3.5.jar;C:\maven\apache-maven-3.6.3\mvn_rope\org\hdrhistogram\HdrHistogram\2.1.11\HdrHistogram-2.1.11.jar;C:\maven\apache-maven-3.6.3\mvn_rope\org\latencyutils\LatencyUtils\2.0.3\LatencyUtils-2.0.3.jar;C:\maven\apache-maven-3.6.3\mvn_rope\org\mapstruct\mapstruct\1.5.2.Final\mapstruct-1.5.2.Final.jar;C:\maven\apache-maven-3.6.3\mvn_rope\org\springframework\boot\spring-boot-starter-cache\2.2.5.RELEASE\spring-boot-starter-cache-2.2.5.RELEASE.jar;C:\maven\apache-maven-3.6.3\mvn_rope\org\springframework\spring-context-support\5.2.4.RELEASE\spring-context-support-5.2.4.RELEASE.jar;C:\maven\apache-maven-3.6.3\mvn_rope\org\springframework\spring-beans\5.2.4.RELEASE\spring-beans-5.2.4.RELEASE.jar;C:\maven\apache-maven-3.6.3\mvn_rope\org\springframework\spring-context\5.2.4.RELEASE\spring-context-5.2.4.RELEASE.jar;C:\maven\apache-maven-3.6.3\mvn_rope\org\springframework\spring-expression\5.2.4.RELEASE\spring-expression-5.2.4.RELEASE.jar;C:\maven\apache-maven-3.6.3\mvn_rope\org\springframework\boot\spring-boot-starter-data-redis\2.2.5.RELEASE\spring-boot-starter-data-redis-2.2.5.RELEASE.jar;C:\maven\apache-maven-3.6.3\mvn_rope\org\springframework\boot\spring-boot-starter\2.2.5.RELEASE\spring-boot-starter-2.2.5.RELEASE.jar;C:\maven\apache-maven-3.6.3\mvn_rope\org\springframework\boot\spring-boot\2.2.5.RELEASE\spring-boot-2.2.5.RELEASE.jar;C:\maven\apache-maven-3.6.3\mvn_rope\org\springframework\boot\spring-boot-autoconfigure\2.2.5.RELEASE\spring-boot-autoconfigure-2.2.5.RELEASE.jar;C:\maven\apache-maven-3.6.3\mvn_rope\org\springframework\boot\spring-boot-starter-logging\2.2.5.RELEASE\spring-boot-starter-logging-2.2.5.RELEASE.jar;C:\maven\apache-maven-3.6.3\mvn_rope\ch\qos\logback\logback-classic\1.2.3\logback-classic-1.2.3.jar;C:\maven\apache-maven-3.6.3\mvn_rope\ch\qos\logback\logback-core\1.2.3\logback-core-1.2.3.jar;C:\maven\apache-maven-3.6.3\mvn_rope\org\apache\logging\log4j\log4j-to-slf4j\2.12.1\log4j-to-slf4j-2.12.1.jar;C:\maven\apache-maven-3.6.3\mvn_rope\org\apache\logging\log4j\log4j-api\2.12.1\log4j-api-2.12.1.jar;C:\maven\apache-maven-3.6.3\mvn_rope\org\slf4j\jul-to-slf4j\1.7.30\jul-to-slf4j-1.7.30.jar;C:\maven\apache-maven-3.6.3\mvn_rope\jakarta\annotation\jakarta.annotation-api\1.3.5\jakarta.annotation-api-1.3.5.jar;C:\maven\apache-maven-3.6.3\mvn_rope\org\springframework\spring-core\5.2.4.RELEASE\spring-core-5.2.4.RELEASE.jar;C:\maven\apache-maven-3.6.3\mvn_rope\org\springframework\spring-jcl\5.2.4.RELEASE\spring-jcl-5.2.4.RELEASE.jar;C:\maven\apache-maven-3.6.3\mvn_rope\org\yaml\snakeyaml\1.25\snakeyaml-1.25.jar;C:\maven\apache-maven-3.6.3\mvn_rope\org\springframework\data\spring-data-redis\2.2.5.RELEASE\spring-data-redis-2.2.5.RELEASE.jar;C:\maven\apache-maven-3.6.3\mvn_rope\org\springframework\data\spring-data-keyvalue\2.2.5.RELEASE\spring-data-keyvalue-2.2.5.RELEASE.jar;C:\maven\apache-maven-3.6.3\mvn_rope\org\springframework\data\spring-data-commons\2.2.5.RELEASE\spring-data-commons-2.2.5.RELEASE.jar;C:\maven\apache-maven-3.6.3\mvn_rope\org\springframework\spring-tx\5.2.4.RELEASE\spring-tx-5.2.4.RELEASE.jar;C:\maven\apache-maven-3.6.3\mvn_rope\org\springframework\spring-oxm\5.2.4.RELEASE\spring-oxm-5.2.4.RELEASE.jar;C:\maven\apache-maven-3.6.3\mvn_rope\org\springframework\spring-aop\5.2.4.RELEASE\spring-aop-5.2.4.RELEASE.jar;C:\maven\apache-maven-3.6.3\mvn_rope\org\slf4j\slf4j-api\1.7.30\slf4j-api-1.7.30.jar;C:\maven\apache-maven-3.6.3\mvn_rope\io\lettuce\lettuce-core\5.2.2.RELEASE\lettuce-core-5.2.2.RELEASE.jar;C:\maven\apache-maven-3.6.3\mvn_rope\io\netty\netty-common\4.1.45.Final\netty-common-4.1.45.Final.jar;C:\maven\apache-maven-3.6.3\mvn_rope\io\netty\netty-handler\4.1.45.Final\netty-handler-4.1.45.Final.jar;C:\maven\apache-maven-3.6.3\mvn_rope\io\netty\netty-buffer\4.1.45.Final\netty-buffer-4.1.45.Final.jar;C:\maven\apache-maven-3.6.3\mvn_rope\io\netty\netty-codec\4.1.45.Final\netty-codec-4.1.45.Final.jar;C:\maven\apache-maven-3.6.3\mvn_rope\io\netty\netty-transport\4.1.45.Final\netty-transport-4.1.45.Final.jar;C:\maven\apache-maven-3.6.3\mvn_rope\io\netty\netty-resolver\4.1.45.Final\netty-resolver-4.1.45.Final.jar;C:\maven\apache-maven-3.6.3\mvn_rope\io\projectreactor\reactor-core\3.3.3.RELEASE\reactor-core-3.3.3.RELEASE.jar;C:\maven\apache-maven-3.6.3\mvn_rope\org\reactivestreams\reactive-streams\1.0.3\reactive-streams-1.0.3.jar;"/>
    <property name="java.vm.vendor" value="Oracle Corporation"/>
    <property name="sun.arch.data.model" value="64"/>
    <property name="user.variant" value=""/>
    <property name="java.vendor.url" value="https://java.oracle.com/"/>
    <property name="user.timezone" value="Asia/Shanghai"/>
    <property name="os.name" value="Windows 10"/>
    <property name="java.vm.specification.version" value="17"/>
    <property name="sun.java.launcher" value="SUN_STANDARD"/>
    <property name="user.country" value="CN"/>
    <property name="sun.boot.library.path" value="C:\JAVA\jdk-17\bin"/>
    <property name="sun.java.command" value="C:\Users\张海生\AppData\Local\Temp\surefire14315119114973919657\surefirebooter3088987584515613365.jar C:\Users\张海生\AppData\Local\Temp\surefire14315119114973919657 2024-05-04T16-47-59_643-jvmRun1 surefire15718946739409937273tmp surefire_117606836202333736435tmp"/>
    <property name="jdk.debug" value="release"/>
    <property name="surefire.test.class.path" value="D:\Code\Java\r_pan\framework\cache\cache-redis\target\test-classes;D:\Code\Java\r_pan\framework\cache\cache-redis\target\classes;D:\Code\Java\r_pan\framework\cache\cache-core\target\classes;D:\Code\Java\r_pan\framework\core\target\classes;C:\maven\apache-maven-3.6.3\mvn_rope\com\fasterxml\jackson\core\jackson-annotations\2.9.8\jackson-annotations-2.9.8.jar;C:\maven\apache-maven-3.6.3\mvn_rope\com\google\guava\guava\20.0\guava-20.0.jar;C:\maven\apache-maven-3.6.3\mvn_rope\org\apache\commons\commons-lang3\3.5\commons-lang3-3.5.jar;C:\maven\apache-maven-3.6.3\mvn_rope\commons-collections\commons-collections\3.2.1\commons-collections-3.2.1.jar;C:\maven\apache-maven-3.6.3\mvn_rope\commons-io\commons-io\2.4\commons-io-2.4.jar;C:\maven\apache-maven-3.6.3\mvn_rope\com\alibaba\fastjson\1.2.56\fastjson-1.2.56.jar;C:\maven\apache-maven-3.6.3\mvn_rope\io\jsonwebtoken\jjwt\0.7.0\jjwt-0.7.0.jar;C:\maven\apache-maven-3.6.3\mvn_rope\com\fasterxml\jackson\core\jackson-databind\2.9.8\jackson-databind-2.9.8.jar;C:\maven\apache-maven-3.6.3\mvn_rope\com\fasterxml\jackson\core\jackson-core\2.9.8\jackson-core-2.9.8.jar;C:\maven\apache-maven-3.6.3\mvn_rope\cn\hutool\hutool-core\4.5.18\hutool-core-4.5.18.jar;C:\maven\apache-maven-3.6.3\mvn_rope\org\springframework\boot\spring-boot-starter-test\2.2.5.RELEASE\spring-boot-starter-test-2.2.5.RELEASE.jar;C:\maven\apache-maven-3.6.3\mvn_rope\org\springframework\boot\spring-boot-test\2.2.5.RELEASE\spring-boot-test-2.2.5.RELEASE.jar;C:\maven\apache-maven-3.6.3\mvn_rope\org\springframework\boot\spring-boot-test-autoconfigure\2.2.5.RELEASE\spring-boot-test-autoconfigure-2.2.5.RELEASE.jar;C:\maven\apache-maven-3.6.3\mvn_rope\com\jayway\jsonpath\json-path\2.4.0\json-path-2.4.0.jar;C:\maven\apache-maven-3.6.3\mvn_rope\net\minidev\json-smart\2.3\json-smart-2.3.jar;C:\maven\apache-maven-3.6.3\mvn_rope\net\minidev\accessors-smart\1.2\accessors-smart-1.2.jar;C:\maven\apache-maven-3.6.3\mvn_rope\org\ow2\asm\asm\5.0.4\asm-5.0.4.jar;C:\maven\apache-maven-3.6.3\mvn_rope\jakarta\xml\bind\jakarta.xml.bind-api\2.3.2\jakarta.xml.bind-api-2.3.2.jar;C:\maven\apache-maven-3.6.3\mvn_rope\jakarta\activation\jakarta.activation-api\1.2.2\jakarta.activation-api-1.2.2.jar;C:\maven\apache-maven-3.6.3\mvn_rope\org\junit\jupiter\junit-jupiter\5.5.2\junit-jupiter-5.5.2.jar;C:\maven\apache-maven-3.6.3\mvn_rope\org\junit\jupiter\junit-jupiter-api\5.5.2\junit-jupiter-api-5.5.2.jar;C:\maven\apache-maven-3.6.3\mvn_rope\org\opentest4j\opentest4j\1.2.0\opentest4j-1.2.0.jar;C:\maven\apache-maven-3.6.3\mvn_rope\org\junit\platform\junit-platform-commons\1.5.2\junit-platform-commons-1.5.2.jar;C:\maven\apache-maven-3.6.3\mvn_rope\org\junit\jupiter\junit-jupiter-params\5.5.2\junit-jupiter-params-5.5.2.jar;C:\maven\apache-maven-3.6.3\mvn_rope\org\junit\jupiter\junit-jupiter-engine\5.5.2\junit-jupiter-engine-5.5.2.jar;C:\maven\apache-maven-3.6.3\mvn_rope\org\junit\vintage\junit-vintage-engine\5.5.2\junit-vintage-engine-5.5.2.jar;C:\maven\apache-maven-3.6.3\mvn_rope\org\apiguardian\apiguardian-api\1.1.0\apiguardian-api-1.1.0.jar;C:\maven\apache-maven-3.6.3\mvn_rope\org\junit\platform\junit-platform-engine\1.5.2\junit-platform-engine-1.5.2.jar;C:\maven\apache-maven-3.6.3\mvn_rope\junit\junit\4.12\junit-4.12.jar;C:\maven\apache-maven-3.6.3\mvn_rope\org\mockito\mockito-junit-jupiter\3.1.0\mockito-junit-jupiter-3.1.0.jar;C:\maven\apache-maven-3.6.3\mvn_rope\org\assertj\assertj-core\3.13.2\assertj-core-3.13.2.jar;C:\maven\apache-maven-3.6.3\mvn_rope\org\hamcrest\hamcrest\2.1\hamcrest-2.1.jar;C:\maven\apache-maven-3.6.3\mvn_rope\org\mockito\mockito-core\3.1.0\mockito-core-3.1.0.jar;C:\maven\apache-maven-3.6.3\mvn_rope\net\bytebuddy\byte-buddy\1.10.8\byte-buddy-1.10.8.jar;C:\maven\apache-maven-3.6.3\mvn_rope\net\bytebuddy\byte-buddy-agent\1.10.8\byte-buddy-agent-1.10.8.jar;C:\maven\apache-maven-3.6.3\mvn_rope\org\objenesis\objenesis\2.6\objenesis-2.6.jar;C:\maven\apache-maven-3.6.3\mvn_rope\org\skyscreamer\jsonassert\1.5.0\jsonassert-1.5.0.jar;C:\maven\apache-maven-3.6.3\mvn_rope\com\vaadin\external\google\android-json\0.0.20131108.vaadin1\android-json-0.0.20131108.vaadin1.jar;C:\maven\apache-maven-3.6.3\mvn_rope\org\springframework\spring-test\5.2.4.RELEASE\spring-test-5.2.4.RELEASE.jar;C:\maven\apache-maven-3.6.3\mvn_rope\org\xmlunit\xmlunit-core\2.6.3\xmlunit-core-2.6.3.jar;C:\maven\apache-maven-3.6.3\mvn_rope\org\projectlombok\lombok\1.18.20\lombok-1.18.20.jar;C:\maven\apache-maven-3.6.3\mvn_rope\org\springframework\boot\spring-boot-starter-actuator\2.2.5.RELEASE\spring-boot-starter-actuator-2.2.5.RELEASE.jar;C:\maven\apache-maven-3.6.3\mvn_rope\org\springframework\boot\spring-boot-actuator-autoconfigure\2.2.5.RELEASE\spring-boot-actuator-autoconfigure-2.2.5.RELEASE.jar;C:\maven\apache-maven-3.6.3\mvn_rope\org\springframework\boot\spring-boot-actuator\2.2.5.RELEASE\spring-boot-actuator-2.2.5.RELEASE.jar;C:\maven\apache-maven-3.6.3\mvn_rope\com\fasterxml\jackson\datatype\jackson-datatype-jsr310\2.9.8\jackson-datatype-jsr310-2.9.8.jar;C:\maven\apache-maven-3.6.3\mvn_rope\io\micrometer\micrometer-core\1.3.5\micrometer-core-1.3.5.jar;C:\maven\apache-maven-3.6.3\mvn_rope\org\hdrhistogram\HdrHistogram\2.1.11\HdrHistogram-2.1.11.jar;C:\maven\apache-maven-3.6.3\mvn_rope\org\latencyutils\LatencyUtils\2.0.3\LatencyUtils-2.0.3.jar;C:\maven\apache-maven-3.6.3\mvn_rope\org\mapstruct\mapstruct\1.5.2.Final\mapstruct-1.5.2.Final.jar;C:\maven\apache-maven-3.6.3\mvn_rope\org\springframework\boot\spring-boot-starter-cache\2.2.5.RELEASE\spring-boot-starter-cache-2.2.5.RELEASE.jar;C:\maven\apache-maven-3.6.3\mvn_rope\org\springframework\spring-context-support\5.2.4.RELEASE\spring-context-support-5.2.4.RELEASE.jar;C:\maven\apache-maven-3.6.3\mvn_rope\org\springframework\spring-beans\5.2.4.RELEASE\spring-beans-5.2.4.RELEASE.jar;C:\maven\apache-maven-3.6.3\mvn_rope\org\springframework\spring-context\5.2.4.RELEASE\spring-context-5.2.4.RELEASE.jar;C:\maven\apache-maven-3.6.3\mvn_rope\org\springframework\spring-expression\5.2.4.RELEASE\spring-expression-5.2.4.RELEASE.jar;C:\maven\apache-maven-3.6.3\mvn_rope\org\springframework\boot\spring-boot-starter-data-redis\2.2.5.RELEASE\spring-boot-starter-data-redis-2.2.5.RELEASE.jar;C:\maven\apache-maven-3.6.3\mvn_rope\org\springframework\boot\spring-boot-starter\2.2.5.RELEASE\spring-boot-starter-2.2.5.RELEASE.jar;C:\maven\apache-maven-3.6.3\mvn_rope\org\springframework\boot\spring-boot\2.2.5.RELEASE\spring-boot-2.2.5.RELEASE.jar;C:\maven\apache-maven-3.6.3\mvn_rope\org\springframework\boot\spring-boot-autoconfigure\2.2.5.RELEASE\spring-boot-autoconfigure-2.2.5.RELEASE.jar;C:\maven\apache-maven-3.6.3\mvn_rope\org\springframework\boot\spring-boot-starter-logging\2.2.5.RELEASE\spring-boot-starter-logging-2.2.5.RELEASE.jar;C:\maven\apache-maven-3.6.3\mvn_rope\ch\qos\logback\logback-classic\1.2.3\logback-classic-1.2.3.jar;C:\maven\apache-maven-3.6.3\mvn_rope\ch\qos\logback\logback-core\1.2.3\logback-core-1.2.3.jar;C:\maven\apache-maven-3.6.3\mvn_rope\org\apache\logging\log4j\log4j-to-slf4j\2.12.1\log4j-to-slf4j-2.12.1.jar;C:\maven\apache-maven-3.6.3\mvn_rope\org\apache\logging\log4j\log4j-api\2.12.1\log4j-api-2.12.1.jar;C:\maven\apache-maven-3.6.3\mvn_rope\org\slf4j\jul-to-slf4j\1.7.30\jul-to-slf4j-1.7.30.jar;C:\maven\apache-maven-3.6.3\mvn_rope\jakarta\annotation\jakarta.annotation-api\1.3.5\jakarta.annotation-api-1.3.5.jar;C:\maven\apache-maven-3.6.3\mvn_rope\org\springframework\spring-core\5.2.4.RELEASE\spring-core-5.2.4.RELEASE.jar;C:\maven\apache-maven-3.6.3\mvn_rope\org\springframework\spring-jcl\5.2.4.RELEASE\spring-jcl-5.2.4.RELEASE.jar;C:\maven\apache-maven-3.6.3\mvn_rope\org\yaml\snakeyaml\1.25\snakeyaml-1.25.jar;C:\maven\apache-maven-3.6.3\mvn_rope\org\springframework\data\spring-data-redis\2.2.5.RELEASE\spring-data-redis-2.2.5.RELEASE.jar;C:\maven\apache-maven-3.6.3\mvn_rope\org\springframework\data\spring-data-keyvalue\2.2.5.RELEASE\spring-data-keyvalue-2.2.5.RELEASE.jar;C:\maven\apache-maven-3.6.3\mvn_rope\org\springframework\data\spring-data-commons\2.2.5.RELEASE\spring-data-commons-2.2.5.RELEASE.jar;C:\maven\apache-maven-3.6.3\mvn_rope\org\springframework\spring-tx\5.2.4.RELEASE\spring-tx-5.2.4.RELEASE.jar;C:\maven\apache-maven-3.6.3\mvn_rope\org\springframework\spring-oxm\5.2.4.RELEASE\spring-oxm-5.2.4.RELEASE.jar;C:\maven\apache-maven-3.6.3\mvn_rope\org\springframework\spring-aop\5.2.4.RELEASE\spring-aop-5.2.4.RELEASE.jar;C:\maven\apache-maven-3.6.3\mvn_rope\org\slf4j\slf4j-api\1.7.30\slf4j-api-1.7.30.jar;C:\maven\apache-maven-3.6.3\mvn_rope\io\lettuce\lettuce-core\5.2.2.RELEASE\lettuce-core-5.2.2.RELEASE.jar;C:\maven\apache-maven-3.6.3\mvn_rope\io\netty\netty-common\4.1.45.Final\netty-common-4.1.45.Final.jar;C:\maven\apache-maven-3.6.3\mvn_rope\io\netty\netty-handler\4.1.45.Final\netty-handler-4.1.45.Final.jar;C:\maven\apache-maven-3.6.3\mvn_rope\io\netty\netty-buffer\4.1.45.Final\netty-buffer-4.1.45.Final.jar;C:\maven\apache-maven-3.6.3\mvn_rope\io\netty\netty-codec\4.1.45.Final\netty-codec-4.1.45.Final.jar;C:\maven\apache-maven-3.6.3\mvn_rope\io\netty\netty-transport\4.1.45.Final\netty-transport-4.1.45.Final.jar;C:\maven\apache-maven-3.6.3\mvn_rope\io\netty\netty-resolver\4.1.45.Final\netty-resolver-4.1.45.Final.jar;C:\maven\apache-maven-3.6.3\mvn_rope\io\projectreactor\reactor-core\3.3.3.RELEASE\reactor-core-3.3.3.RELEASE.jar;C:\maven\apache-maven-3.6.3\mvn_rope\org\reactivestreams\reactive-streams\1.0.3\reactive-streams-1.0.3.jar;"/>
    <property name="sun.cpu.endian" value="little"/>
    <property name="user.home" value="C:\Users\张海生"/>
    <property name="user.language" value="zh"/>
    <property name="java.specification.vendor" value="Oracle Corporation"/>
    <property name="java.version.date" value="2021-10-19"/>
    <property name="java.home" value="C:\JAVA\jdk-17"/>
    <property name="file.separator" value="\"/>
    <property name="basedir" value="D:\Code\Java\r_pan\framework\cache\cache-redis"/>
    <property name="java.vm.compressedOopsMode" value="Zero based"/>
    <property name="line.separator" value="&#10;"/>
    <property name="java.vm.specification.vendor" value="Oracle Corporation"/>
    <property name="java.specification.name" value="Java Platform API Specification"/>
    <property name="surefire.real.class.path" value="C:\Users\张海生\AppData\Local\Temp\surefire14315119114973919657\surefirebooter3088987584515613365.jar"/>
    <property name="user.script" value=""/>
    <property name="sun.management.compiler" value="HotSpot 64-Bit Tiered Compilers"/>
    <property name="java.runtime.version" value="17.0.1+12-LTS-39"/>
    <property name="user.name" value="张海生"/>
    <property name="path.separator" value=";"/>
    <property name="os.version" value="10.0"/>
    <property name="java.runtime.name" value="Java(TM) SE Runtime Environment"/>
    <property name="file.encoding" value="GBK"/>
    <property name="java.vm.name" value="Java HotSpot(TM) 64-Bit Server VM"/>
    <property name="localRepository" value="C:\maven\apache-maven-3.6.3\mvn_rope"/>
    <property name="java.vendor.url.bug" value="https://bugreport.java.com/bugreport/"/>
    <property name="java.io.tmpdir" value="C:\Users\张海生\AppData\Local\Temp\"/>
    <property name="idea.version" value="2023.3.6"/>
    <property name="java.version" value="17.0.1"/>
    <property name="user.dir" value="D:\Code\Java\r_pan\framework\cache\cache-redis"/>
    <property name="os.arch" value="amd64"/>
    <property name="java.vm.specification.name" value="Java Virtual Machine Specification"/>
    <property name="sun.os.patch.level" value=""/>
    <property name="native.encoding" value="GBK"/>
    <property name="java.library.path" value="C:\JAVA\jdk-17\bin;C:\WINDOWS\Sun\Java\bin;C:\WINDOWS\system32;C:\WINDOWS;C:\VMware\bin\;C:\JAVA\jdk-17\bin;C:\maven\apache-maven-3.6.3\bin;C:\Program Files\Common Files\Oracle\Java\javapath;C:\D   pan\Anaconda;C:\D   pan\Anaconda\Library\mingw-w64\bin;C:\D   pan\Anaconda\Library\usr\bin;C:\D   pan\Anaconda\Library\bin;C:\D   pan\Anaconda\Scripts;C:\Windows\system32;C:\Windows;C:\Windows\System32\Wbem;C:\Windows\System32\WindowsPowerShell\v1.0\;C:\Windows\System32\OpenSSH\;C:\D   pan\bandzip\Bandizip\;C:\Program Files\dotnet\;C:\Program Files\Microsoft SQL Server\150\Tools\Binn\;C:\Program Files\Microsoft SQL Server\Client SDK\ODBC\170\Tools\Binn\;C:\Program Files\Microsoft SQL Server\120\Tools\Binn\;C:\Program Files\Common Files\Autodesk Shared\;C:\WINDOWS\system32;C:\WINDOWS;C:\WINDOWS\System32\Wbem;C:\WINDOWS\System32\WindowsPowerShell\v1.0\;C:\WINDOWS\System32\OpenSSH\;C:\Git\cmd;C:\Program Files\go\go\bin;C:\mysql\mysql-8.0.31-winx64\bin;C:\Program Files (x86)\NetSarang\Xshell 7\;D:\putty\;C:\gradle\gradle-8.4-all\gradle-8.4\bin;C:\ProgramData\Microsoft\Windows\Start Menu\Programs\Geth;D:\NodeJS\;;C:\Program Files\Docker\Docker\resources\bin;C:\Program Files\MySQL\MySQL Shell 8.0\bin\;C:\D   pan\Microsoft VS Code\bin;C:\D   pan\pycharm\PyCharm Community Edition 2023.1.1\bin;C:\Users\张海生\.dotnet\tools;D:\Software\IntelliJ IDEA 2022.1\bin;C:\Users\张海生\AppData\Roaming\npm;C:\Users\张海生\AppData\Local\JetBrains\Toolbox\scripts;;."/>
    <property name="java.vm.info" value="mixed mode, sharing"/>
    <property name="java.vendor" value="Oracle Corporation"/>
    <property name="java.vm.version" value="17.0.1+12-LTS-39"/>
    <property name="sun.io.unicode.encoding" value="UnicodeLittle"/>
    <property name="maven.repo.local" value="C:\maven\apache-maven-3.6.3\mvn_rope"/>
    <property name="java.class.version" value="61.0"/>
  </properties>
  <testcase name="caffeineCacheAnnotationTest" classname="com.imooc.pan.cache.redis.test.RedisCacheTest" time="0.87"/>
  <testcase name="caffeineCacheManagerTest" classname="com.imooc.pan.cache.redis.test.RedisCacheTest" time="0.013"/>
</testsuite>